<?xml version='1.0' encoding='UTF-8'?>
<testsuite hostname="MacBook-Pro-Mark.local" name="AppTest" tests="4" errors="0" failures="0" skipped="0" time="0.044" timestamp="2024-11-04T17:01:58">
          <properties>
[...]
</properties>
          <testcase classname="AppTest" name="Application should check doubling orders for sellers" time="0.04">
                      
                    </testcase><testcase classname="AppTest" name="Application should check doubling orders for buyers" time="0.002">
                      
                    </testcase><testcase classname="AppTest" name="Application should calculate orders file with no agreements correctly" time="0.001">
                      
                    </testcase><testcase classname="AppTest" name="Application should calculate regular 10 rows of orders correctly" time="0.001">
                      
                    </testcase>
          <system-out><![CDATA[]]></system-out>
          <system-err><![CDATA[]]></system-err>
        </testsuite>